"1","grayscale_avg","0.010930"
"2","grayscale_lums","0.004695"
"3","colorMasks","0.016895"
"4","encodeMessages","0.000026"
"5","decodeMessages","0.000094"
"6","std_convolve_clamp_to_0","0.025866"
"7","std_convolve_clamp_to_border","0.031429"
"8","flipX","0.043183"
"9","flipY","0.050290"
"10","encodeBytes","0.561250"
"11","grayscale_avg","0.006386"
"12","grayscale_lums","0.004560"
"13","colorMasks","0.028499"
"14","encodeMessages","0.000089"
"15","decodeMessages","0.000009"
"16","std_convolve_clamp_to_0","0.012231"
"17","std_convolve_clamp_to_border","0.020817"
"18","flipX","0.019315"
"19","flipY","0.028342"
"20","encodeBytes","0.567769"